Arguments: 
  /usr/local/bin/node /Users/mac/.yarn/bin/yarn.js add moment

PATH: 
  /Users/mac/.yarn/bin:/Users/mac/.config/yarn/global/node_modules/.bin:/usr/local/bin:/usr/bin:/bin:/usr/sbin:/sbin:/Users/mac/.yarn/bin:/Users/mac/.config/yarn/global/node_modules/.bin

Yarn version: 
  1.22.15

Node version: 
  14.18.1

Platform: 
  darwin x64

Trace: 
  Error: EINVAL: invalid argument, unlink '/Users/mac/Library/Containers/com.tencent.xinWeChat/Data/Library/Application Support/com.tencent.xinWeChat/2.0b4.0.9/c19981ee1ad2fa142085ba8502f1e359/Message/MessageTemp/178600ba62872dacf3ad0fd031b6ffbf/File/5830assign4/asg4_base/node_modules/html-minifier-terser/node_modules/commander'

npm manifest: 
  {
    "name": "asg4_base",
    "version": "0.1.0",
    "private": true,
    "dependencies": {
      "@testing-library/jest-dom": "^5.11.4",
      "@testing-library/react": "^11.1.0",
      "@testing-library/user-event": "^12.1.10",
      "antd": "^4.17.4",
      "bootstrap": "^5.1.3",
      "mongoose": "^6.0.14",
      "react": "^17.0.2",
      "react-dom": "^17.0.2",
      "react-router-dom": "^5.2.0",
      "react-scripts": "4.0.3",
      "web-vitals": "^1.0.1",
      "express": "^4.17.1",
      "mongodb": "^4.2.1"
    },
    "scripts": {
      "start": "react-scripts start node server.js",
      "build": "react-scripts build",
      "test": "react-scripts test",
      "eject": "react-scripts eject"
    },
    "eslintConfig": {
      "extends": [
        "react-app",
        "react-app/jest"
      ]
    },
    "browserslist": {
      "production": [
        ">0.2%",
        "not dead",
        "not op_mini all"
      ],
      "development": [
        "last 1 chrome version",
        "last 1 firefox version",
        "last 1 safari version"
      ]
    }
  }

yarn manifest: 
  No manifest

Lockfile: 
  No lockfile
